#
# There is insufficient memory for the Java Runtime Environment to continue.
# Native memory allocation (malloc) failed to allocate 32744 bytes for ChunkPool::allocate
# Possible reasons:
#   The system is out of physical RAM or swap space
#   The process is running with CompressedOops enabled, and the Java Heap may be blocking the growth of the native heap
# Possible solutions:
#   Reduce memory load on the system
#   Increase physical memory or swap space
#   Check if swap backing store is full
#   Decrease Java heap size (-Xmx/-Xms)
#   Decrease number of Java threads
#   Decrease Java thread stack sizes (-Xss)
#   Set larger code cache with -XX:ReservedCodeCacheSize=
#   JVM is running with Unscaled Compressed Oops mode in which the Java heap is
#     placed in the first 4GB address space. The Java Heap base address is the
#     maximum limit for the native heap growth. Please use -XX:HeapBaseMinAddress
#     to set the Java Heap base and to place the Java Heap above 4GB virtual address.
# This output file may be truncated or incomplete.
#
#  Out of Memory Error (allocation.cpp:272), pid=14944, tid=0x00000000000029e0
#
# JRE version: OpenJDK Runtime Environment (8.0_242-b01) (build 1.8.0_242-release-1644-b01)
# Java VM: OpenJDK 64-Bit Server VM (25.242-b01 mixed mode windows-amd64 compressed oops)
# Failed to write core dump. Minidumps are not enabled by default on client versions of Windows
#

---------------  T H R E A D  ---------------

Current thread (0x0000000015681800):  JavaThread "C2 CompilerThread1" daemon [_thread_in_native, id=10720, stack(0x0000000016dd0000,0x0000000016ed0000)]

Stack: [0x0000000016dd0000,0x0000000016ed0000]
[error occurred during error reporting (printing stack bounds), id 0xc0000005]

Native frames: (J=compiled Java code, j=interpreted, Vv=VM code, C=native code)


Current CompileTask:
C2:   7369 1951   !   4       java.net.URLClassLoader$1::run (63 bytes)


---------------  P R O C E S S  ---------------

Java Threads: ( => current thread )
  0x0000000017002800 JavaThread "Service Thread" daemon [_thread_blocked, id=11228, stack(0x00000000173d0000,0x00000000174d0000)]
  0x0000000015689800 JavaThread "C1 CompilerThread2" daemon [_thread_blocked, id=3688, stack(0x0000000016ed0000,0x0000000016fd0000)]
=>0x0000000015681800 JavaThread "C2 CompilerThread1" daemon [_thread_in_native, id=10720, stack(0x0000000016dd0000,0x0000000016ed0000)]
  0x000000001567d800 JavaThread "C2 CompilerThread0" daemon [_thread_in_native, id=7184, stack(0x0000000016cd0000,0x0000000016dd0000)]
  0x000000001567c000 JavaThread "Attach Listener" daemon [_thread_blocked, id=8796, stack(0x0000000016bd0000,0x0000000016cd0000)]
  0x0000000015679000 JavaThread "Signal Dispatcher" daemon [_thread_blocked, id=5324, stack(0x0000000016ad0000,0x0000000016bd0000)]
  0x000000000308e000 JavaThread "Finalizer" daemon [_thread_blocked, id=11352, stack(0x00000000168c0000,0x00000000169c0000)]
  0x0000000015659000 JavaThread "Reference Handler" daemon [_thread_blocked, id=12840, stack(0x00000000167c0000,0x00000000168c0000)]
  0x0000000002f97000 JavaThread "main" [_thread_in_vm, id=7484, stack(0x0000000002e50000,0x0000000002f50000)]

Other Threads:
  0x0000000015636000 VMThread [stack: 0x00000000166c0000,0x00000000167c0000] [id=9060]
  0x000000001700b800 WatcherThread [stack: 0x00000000174d0000,0x00000000175d0000] [id=10448]

VM state:not at safepoint (normal execution)

VM Mutex/Monitor currently owned by a thread: None

heap address: 0x00000000c1a00000, size: 998 MB, Compressed Oops mode: 32-bit
Narrow klass base: 0x0000000000000000, Narrow klass shift: 3
Compressed class space size: 1073741824 Address: 0x0000000100000000

Heap:
 PSYoungGen      total 51712K, used 10020K [0x00000000eb380000, 0x00000000f0380000, 0x0000000100000000)
  eden space 43520K, 5% used [0x00000000eb380000,0x00000000eb5beb60,0x00000000ede00000)
  from space 8192K, 94% used [0x00000000efb80000,0x00000000f030a680,0x00000000f0380000)
  to   space 8704K, 0% used [0x00000000ef280000,0x00000000ef280000,0x00000000efb00000)
 ParOldGen       total 43008K, used 10336K [0x00000000c1a00000, 0x00000000c4400000, 0x00000000eb380000)
  object space 43008K, 24% used [0x00000000c1a00000,0x00000000c24182b0,0x00000000c4400000)
 Metaspace       used 24527K, capacity 24952K, committed 25216K, reserved 1071104K
  class space    used 2940K, capacity 3093K, committed 3200K, reserved 1048576K

Card table byte_map: [0x0000000012450000,0x0000000012650000] byte_map_base: 0x0000000011e43000

Marking Bits: (ParMarkBitMap*) 0x00000000654cf030
 Begin Bits: [0x0000000012ba0000, 0x0000000013b38000)
 End Bits:   [0x0000000013b38000, 0x0000000014ad0000)

Polling page: 0x0000000000f50000

CodeCache: size=245760Kb used=5883Kb max_used=5883Kb free=239876Kb
 bounds [0x0000000003090000, 0x0000000003660000, 0x0000000012090000]
 total_blobs=2363 nmethods=1949 adapters=327
 compilation: enabled

Compilation events (10 events):
Event: 7.283 Thread 0x0000000015689800 nmethod 1946 0x000000000364bd50 code [0x000000000364bec0, 0x000000000364c1c8]
Event: 7.284 Thread 0x0000000015689800 1947       3       org.jetbrains.kotlin.protobuf.LazyStringArrayList::get (6 bytes)
Event: 7.284 Thread 0x0000000015689800 nmethod 1947 0x000000000364b9d0 code [0x000000000364bb40, 0x000000000364bcc8]
Event: 7.284 Thread 0x0000000015689800 1948       3       org.jetbrains.kotlin.protobuf.LazyStringArrayList::get (101 bytes)
Event: 7.286 Thread 0x0000000015689800 nmethod 1948 0x0000000003650e90 code [0x00000000036510c0, 0x0000000003651df8]
Event: 7.286 Thread 0x0000000015689800 1949       3       org.jetbrains.kotlin.protobuf.CodedOutputStream::writeRawVarint32 (33 bytes)
Event: 7.287 Thread 0x0000000015689800 nmethod 1949 0x0000000003650650 code [0x00000000036507e0, 0x0000000003650d18]
Event: 7.287 Thread 0x0000000015689800 1950       3       org.jetbrains.kotlin.protobuf.WireFormat::makeTag (6 bytes)
Event: 7.287 Thread 0x0000000015689800 nmethod 1950 0x0000000003652190 code [0x00000000036522e0, 0x0000000003652410]
Event: 7.323 Thread 0x0000000015681800 1951   !   4       java.net.URLClassLoader$1::run (63 bytes)

GC Heap History (10 events):
Event: 2.099 GC heap before
{Heap before GC invocations=3 (full 0):
 PSYoungGen      total 18944K, used 18938K [0x00000000eb380000, 0x00000000ed880000, 0x0000000100000000)
  eden space 16384K, 100% used [0x00000000eb380000,0x00000000ec380000,0x00000000ec380000)
  from space 2560K, 99% used [0x00000000ec600000,0x00000000ec87eb30,0x00000000ec880000)
  to   space 2560K, 0% used [0x00000000ec380000,0x00000000ec380000,0x00000000ec600000)
 ParOldGen       total 44032K, used 3833K [0x00000000c1a00000, 0x00000000c4500000, 0x00000000eb380000)
  object space 44032K, 8% used [0x00000000c1a00000,0x00000000c1dbe400,0x00000000c4500000)
 Metaspace       used 12568K, capacity 12848K, committed 13056K, reserved 1060864K
  class space    used 1403K, capacity 1498K, committed 1536K, reserved 1048576K
Event: 2.110 GC heap after
Heap after GC invocations=3 (full 0):
 PSYoungGen      total 18944K, used 2560K [0x00000000eb380000, 0x00000000ed880000, 0x0000000100000000)
  eden space 16384K, 0% used [0x00000000eb380000,0x00000000eb380000,0x00000000ec380000)
  from space 2560K, 100% used [0x00000000ec380000,0x00000000ec600000,0x00000000ec600000)
  to   space 2560K, 0% used [0x00000000ed600000,0x00000000ed600000,0x00000000ed880000)
 ParOldGen       total 44032K, used 7428K [0x00000000c1a00000, 0x00000000c4500000, 0x00000000eb380000)
  object space 44032K, 16% used [0x00000000c1a00000,0x00000000c2141000,0x00000000c4500000)
 Metaspace       used 12568K, capacity 12848K, committed 13056K, reserved 1060864K
  class space    used 1403K, capacity 1498K, committed 1536K, reserved 1048576K
}
Event: 2.640 GC heap before
{Heap before GC invocations=4 (full 0):
 PSYoungGen      total 18944K, used 18944K [0x00000000eb380000, 0x00000000ed880000, 0x0000000100000000)
  eden space 16384K, 100% used [0x00000000eb380000,0x00000000ec380000,0x00000000ec380000)
  from space 2560K, 100% used [0x00000000ec380000,0x00000000ec600000,0x00000000ec600000)
  to   space 2560K, 0% used [0x00000000ed600000,0x00000000ed600000,0x00000000ed880000)
 ParOldGen       total 44032K, used 7428K [0x00000000c1a00000, 0x00000000c4500000, 0x00000000eb380000)
  object space 44032K, 16% used [0x00000000c1a00000,0x00000000c2141000,0x00000000c4500000)
 Metaspace       used 16015K, capacity 16366K, committed 16640K, reserved 1064960K
  class space    used 1894K, capacity 1991K, committed 2048K, reserved 1048576K
Event: 2.658 GC heap after
Heap after GC invocations=4 (full 0):
 PSYoungGen      total 35328K, used 2544K [0x00000000eb380000, 0x00000000ed880000, 0x0000000100000000)
  eden space 32768K, 0% used [0x00000000eb380000,0x00000000eb380000,0x00000000ed380000)
  from space 2560K, 99% used [0x00000000ed600000,0x00000000ed87c010,0x00000000ed880000)
  to   space 2560K, 0% used [0x00000000ed380000,0x00000000ed380000,0x00000000ed600000)
 ParOldGen       total 44032K, used 11149K [0x00000000c1a00000, 0x00000000c4500000, 0x00000000eb380000)
  object space 44032K, 25% used [0x00000000c1a00000,0x00000000c24e34d8,0x00000000c4500000)
 Metaspace       used 16015K, capacity 16366K, committed 16640K, reserved 1064960K
  class space    used 1894K, capacity 1991K, committed 2048K, reserved 1048576K
}
Event: 3.701 GC heap before
{Heap before GC invocations=5 (full 0):
 PSYoungGen      total 35328K, used 18408K [0x00000000eb380000, 0x00000000ed880000, 0x0000000100000000)
  eden space 32768K, 48% used [0x00000000eb380000,0x00000000ec2fe058,0x00000000ed380000)
  from space 2560K, 99% used [0x00000000ed600000,0x00000000ed87c010,0x00000000ed880000)
  to   space 2560K, 0% used [0x00000000ed380000,0x00000000ed380000,0x00000000ed600000)
 ParOldGen       total 44032K, used 11149K [0x00000000c1a00000, 0x00000000c4500000, 0x00000000eb380000)
  object space 44032K, 25% used [0x00000000c1a00000,0x00000000c24e34d8,0x00000000c4500000)
 Metaspace       used 20748K, capacity 21160K, committed 21296K, reserved 1069056K
  class space    used 2462K, capacity 2631K, committed 2688K, reserved 1048576K
Event: 3.715 GC heap after
Heap after GC invocations=5 (full 0):
 PSYoungGen      total 35328K, used 2544K [0x00000000eb380000, 0x00000000f0380000, 0x0000000100000000)
  eden space 32768K, 0% used [0x00000000eb380000,0x00000000eb380000,0x00000000ed380000)
  from space 2560K, 99% used [0x00000000ed380000,0x00000000ed5fc010,0x00000000ed600000)
  to   space 8192K, 0% used [0x00000000efb80000,0x00000000efb80000,0x00000000f0380000)
 ParOldGen       total 44032K, used 15026K [0x00000000c1a00000, 0x00000000c4500000, 0x00000000eb380000)
  object space 44032K, 34% used [0x00000000c1a00000,0x00000000c28ac948,0x00000000c4500000)
 Metaspace       used 20748K, capacity 21160K, committed 21296K, reserved 1069056K
  class space    used 2462K, capacity 2631K, committed 2688K, reserved 1048576K
}
Event: 3.715 GC heap before
{Heap before GC invocations=6 (full 1):
 PSYoungGen      total 35328K, used 2544K [0x00000000eb380000, 0x00000000f0380000, 0x0000000100000000)
  eden space 32768K, 0% used [0x00000000eb380000,0x00000000eb380000,0x00000000ed380000)
  from space 2560K, 99% used [0x00000000ed380000,0x00000000ed5fc010,0x00000000ed600000)
  to   space 8192K, 0% used [0x00000000efb80000,0x00000000efb80000,0x00000000f0380000)
 ParOldGen       total 44032K, used 15026K [0x00000000c1a00000, 0x00000000c4500000, 0x00000000eb380000)
  object space 44032K, 34% used [0x00000000c1a00000,0x00000000c28ac948,0x00000000c4500000)
 Metaspace       used 20748K, capacity 21160K, committed 21296K, reserved 1069056K
  class space    used 2462K, capacity 2631K, committed 2688K, reserved 1048576K
Event: 3.843 GC heap after
Heap after GC invocations=6 (full 1):
 PSYoungGen      total 35328K, used 0K [0x00000000eb380000, 0x00000000f0380000, 0x0000000100000000)
  eden space 32768K, 0% used [0x00000000eb380000,0x00000000eb380000,0x00000000ed380000)
  from space 2560K, 0% used [0x00000000ed380000,0x00000000ed380000,0x00000000ed600000)
  to   space 8192K, 0% used [0x00000000efb80000,0x00000000efb80000,0x00000000f0380000)
 ParOldGen       total 43008K, used 10328K [0x00000000c1a00000, 0x00000000c4400000, 0x00000000eb380000)
  object space 43008K, 24% used [0x00000000c1a00000,0x00000000c24162b0,0x00000000c4400000)
 Metaspace       used 20748K, capacity 21160K, committed 21296K, reserved 1069056K
  class space    used 2462K, capacity 2631K, committed 2688K, reserved 1048576K
}
Event: 7.195 GC heap before
{Heap before GC invocations=7 (full 1):
 PSYoungGen      total 35328K, used 32768K [0x00000000eb380000, 0x00000000f0380000, 0x0000000100000000)
  eden space 32768K, 100% used [0x00000000eb380000,0x00000000ed380000,0x00000000ed380000)
  from space 2560K, 0% used [0x00000000ed380000,0x00000000ed380000,0x00000000ed600000)
  to   space 8192K, 0% used [0x00000000efb80000,0x00000000efb80000,0x00000000f0380000)
 ParOldGen       total 43008K, used 10328K [0x00000000c1a00000, 0x00000000c4400000, 0x00000000eb380000)
  object space 43008K, 24% used [0x00000000c1a00000,0x00000000c24162b0,0x00000000c4400000)
 Metaspace       used 24261K, capacity 24728K, committed 24832K, reserved 1071104K
  class space    used 2904K, capacity 3061K, committed 3072K, reserved 1048576K
Event: 7.220 GC heap after
Heap after GC invocations=7 (full 1):
 PSYoungGen      total 51712K, used 7721K [0x00000000eb380000, 0x00000000f0380000, 0x0000000100000000)
  eden space 43520K, 0% used [0x00000000eb380000,0x00000000eb380000,0x00000000ede00000)
  from space 8192K, 94% used [0x00000000efb80000,0x00000000f030a680,0x00000000f0380000)
  to   space 8704K, 0% used [0x00000000ef280000,0x00000000ef280000,0x00000000efb00000)
 ParOldGen       total 43008K, used 10336K [0x00000000c1a00000, 0x00000000c4400000, 0x00000000eb380000)
  object space 43008K, 24% used [0x00000000c1a00000,0x00000000c24182b0,0x00000000c4400000)
 Metaspace       used 24261K, capacity 24728K, committed 24832K, reserved 1071104K
  class space    used 2904K, capacity 3061K, committed 3072K, reserved 1048576K
}

Deoptimization events (10 events):
Event: 4.471 Thread 0x0000000002f97000 Uncommon trap: reason=unstable_if action=reinterpret pc=0x000000000344cbe4 method=java.lang.String.<init>([CII)V @ 18
Event: 6.513 Thread 0x0000000002f97000 Uncommon trap: reason=bimorphic action=maybe_recompile pc=0x00000000035b9be4 method=gnu.trove.TObjectHash.computeHashCode(Ljava/lang/Object;)I @ 5
Event: 6.513 Thread 0x0000000002f97000 Uncommon trap: reason=bimorphic action=maybe_recompile pc=0x00000000035b9be4 method=gnu.trove.TObjectHash.computeHashCode(Ljava/lang/Object;)I @ 5
Event: 6.513 Thread 0x0000000002f97000 Uncommon trap: reason=bimorphic action=maybe_recompile pc=0x00000000035b9be4 method=gnu.trove.TObjectHash.computeHashCode(Ljava/lang/Object;)I @ 5
Event: 6.513 Thread 0x0000000002f97000 Uncommon trap: reason=bimorphic action=maybe_recompile pc=0x00000000035b9be4 method=gnu.trove.TObjectHash.computeHashCode(Ljava/lang/Object;)I @ 5
Event: 6.513 Thread 0x0000000002f97000 Uncommon trap: reason=class_check action=maybe_recompile pc=0x00000000035a7188 method=gnu.trove.TObjectHash.equals(Ljava/lang/Object;Ljava/lang/Object;)Z @ 6
Event: 6.514 Thread 0x0000000002f97000 Uncommon trap: reason=class_check action=maybe_recompile pc=0x00000000035a7188 method=gnu.trove.TObjectHash.equals(Ljava/lang/Object;Ljava/lang/Object;)Z @ 6
Event: 6.514 Thread 0x0000000002f97000 Uncommon trap: reason=class_check action=maybe_recompile pc=0x00000000035a7188 method=gnu.trove.TObjectHash.equals(Ljava/lang/Object;Ljava/lang/Object;)Z @ 6
Event: 6.514 Thread 0x0000000002f97000 Uncommon trap: reason=class_check action=maybe_recompile pc=0x00000000035a7188 method=gnu.trove.TObjectHash.equals(Ljava/lang/Object;Ljava/lang/Object;)Z @ 6
Event: 7.093 Thread 0x0000000002f97000 Uncommon trap: reason=unstable_if action=reinterpret pc=0x0000000003606844 method=org.jetbrains.kotlin.protobuf.CodedInputStream.readRawVarint32()I @ 10

Classes redefined (0 events):
No events

Internal exceptions (10 events):
Event: 1.009 Thread 0x0000000002f97000 Exception <a 'java/security/PrivilegedActionException'> (0x00000000eb448c28) thrown at [C:\src\AOSP-openjdk-git\hotspot\src\share\vm\prims\jvm.cpp, line 1502]
Event: 1.009 Thread 0x0000000002f97000 Exception <a 'java/security/PrivilegedActionException'> (0x00000000eb449208) thrown at [C:\src\AOSP-openjdk-git\hotspot\src\share\vm\prims\jvm.cpp, line 1502]
Event: 1.360 Thread 0x0000000002f97000 Exception <a 'java/lang/ArrayIndexOutOfBoundsException'> (0x00000000ebdb39e0) thrown at [C:\src\AOSP-openjdk-git\hotspot\src\share\vm\runtime\sharedRuntime.cpp, line 605]
Event: 1.730 Thread 0x0000000002f97000 Exception <a 'java/lang/ArrayIndexOutOfBoundsException'> (0x00000000eb7c5808) thrown at [C:\src\AOSP-openjdk-git\hotspot\src\share\vm\runtime\sharedRuntime.cpp, line 605]
Event: 2.432 Thread 0x0000000002f97000 Implicit null exception at 0x000000000330692f to 0x0000000003306999
Event: 2.586 Thread 0x0000000002f97000 Exception <a 'java/lang/NoSuchMethodError': java.lang.Object.lambda$comparing$77a9974f$1(Ljava/util/function/Function;Ljava/lang/Object;Ljava/lang/Object;)I> (0x00000000ec233a88) thrown at [C:\src\AOSP-openjdk-git\hotspot\src\share\vm\interpreter\linkReso
Event: 2.624 Thread 0x0000000002f97000 Exception <a 'java/lang/NoSuchMethodError': java.lang.Object.lambda$static$0()J> (0x00000000ec32ee58) thrown at [C:\src\AOSP-openjdk-git\hotspot\src\share\vm\interpreter\linkResolver.cpp, line 620]
Event: 3.116 Thread 0x0000000002f97000 Exception <a 'java/lang/NoSuchMethodError': java.lang.Object.lambda$static$0(I)[Lorg/jetbrains/kotlin/com/intellij/openapi/editor/event/DocumentListener;> (0x00000000ebaafd68) thrown at [C:\src\AOSP-openjdk-git\hotspot\src\share\vm\interpreter\linkResolve
Event: 3.178 Thread 0x0000000002f97000 Exception <a 'java/lang/NoSuchMethodError': java.lang.Object.lambda$static$0(I)[Lorg/jetbrains/kotlin/com/intellij/psi/PsiAnnotation;> (0x00000000ebcd0ca0) thrown at [C:\src\AOSP-openjdk-git\hotspot\src\share\vm\interpreter\linkResolver.cpp, line 620]
Event: 3.596 Thread 0x0000000002f97000 Exception <a 'java/lang/NoSuchMethodError': java.lang.Object.lambda$static$0(I)[Lorg/jetbrains/kotlin/com/intellij/psi/PsiElement;> (0x00000000ec1c8130) thrown at [C:\src\AOSP-openjdk-git\hotspot\src\share\vm\interpreter\linkResolver.cpp, line 620]

Events (10 events):
Event: 7.309 loading class org/jetbrains/kotlin/platform/TargetPlatform
Event: 7.311 loading class org/jetbrains/kotlin/platform/TargetPlatform done
Event: 7.313 loading class org/jetbrains/kotlin/resolve/lazy/declarations/DeclarationProviderFactory
Event: 7.313 loading class org/jetbrains/kotlin/resolve/lazy/declarations/DeclarationProviderFactory done
Event: 7.316 loading class org/jetbrains/kotlin/resolve/lazy/declarations/FileBasedDeclarationProviderFactory
Event: 7.316 loading class org/jetbrains/kotlin/resolve/lazy/declarations/FileBasedDeclarationProviderFactory done
Event: 7.320 loading class org/jetbrains/kotlin/resolve/lazy/declarations/AbstractDeclarationProviderFactory
Event: 7.320 loading class org/jetbrains/kotlin/resolve/lazy/declarations/AbstractDeclarationProviderFactory done
Event: 7.323 loading class org/jetbrains/kotlin/resolve/lazy/declarations/ClassMemberDeclarationProvider
Event: 7.323 loading class org/jetbrains/kotlin/resolve/lazy/declarations/ClassMemberDeclarationProvider done


Dynamic libraries:
0x00007ff767e80000 - 0x00007ff767eb1000 	C:\Program Files\Android\Android Studio\jre\jre\bin\java.exe
0x00007ffc7add0000 - 0x00007ffc7afc5000 	C:\WINDOWS\SYSTEM32\ntdll.dll
0x00007ffc7abe0000 - 0x00007ffc7ac9d000 	C:\WINDOWS\System32\KERNEL32.DLL
0x00007ffc78540000 - 0x00007ffc78808000 	C:\WINDOWS\System32\KERNELBASE.dll
0x00007ffc7aca0000 - 0x00007ffc7ad4c000 	C:\WINDOWS\System32\ADVAPI32.dll
0x00007ffc79a80000 - 0x00007ffc79b1e000 	C:\WINDOWS\System32\msvcrt.dll
0x00007ffc791c0000 - 0x00007ffc7925b000 	C:\WINDOWS\System32\sechost.dll
0x00007ffc79c00000 - 0x00007ffc79d2b000 	C:\WINDOWS\System32\RPCRT4.dll
0x00007ffc78ed0000 - 0x00007ffc79070000 	C:\WINDOWS\System32\USER32.dll
0x00007ffc78b70000 - 0x00007ffc78b92000 	C:\WINDOWS\System32\win32u.dll
0x00007ffc79ed0000 - 0x00007ffc79efa000 	C:\WINDOWS\System32\GDI32.dll
0x00007ffc788e0000 - 0x00007ffc789eb000 	C:\WINDOWS\System32\gdi32full.dll
0x00007ffc78810000 - 0x00007ffc788ad000 	C:\WINDOWS\System32\msvcp_win.dll
0x00007ffc78a70000 - 0x00007ffc78b70000 	C:\WINDOWS\System32\ucrtbase.dll
0x00007ffc6a760000 - 0x00007ffc6a9fa000 	C:\WINDOWS\WinSxS\amd64_microsoft.windows.common-controls_6595b64144ccf1df_6.0.19041.844_none_ca00b6081b84eb1d\COMCTL32.dll
0x00007ffc79bd0000 - 0x00007ffc79c00000 	C:\WINDOWS\System32\IMM32.DLL
0x00000000642d0000 - 0x00000000643a2000 	C:\Program Files\Android\Android Studio\jre\jre\bin\msvcr100.dll
0x0000000064d00000 - 0x000000006554b000 	C:\Program Files\Android\Android Studio\jre\jre\bin\server\jvm.dll
0x00007ffc79320000 - 0x00007ffc79328000 	C:\WINDOWS\System32\PSAPI.DLL
0x00007ffc71190000 - 0x00007ffc7119a000 	C:\WINDOWS\SYSTEM32\VERSION.dll
0x00007ffc76c60000 - 0x00007ffc76c69000 	C:\WINDOWS\SYSTEM32\WSOCK32.dll
0x00007ffc6e760000 - 0x00007ffc6e787000 	C:\WINDOWS\SYSTEM32\WINMM.dll
0x00007ffc79150000 - 0x00007ffc791bb000 	C:\WINDOWS\System32\WS2_32.dll
0x00007ffc72540000 - 0x00007ffc7254f000 	C:\Program Files\Android\Android Studio\jre\jre\bin\verify.dll
0x00007ffc6bb60000 - 0x00007ffc6bb89000 	C:\Program Files\Android\Android Studio\jre\jre\bin\java.dll
0x00007ffc6bad0000 - 0x00007ffc6bae6000 	C:\Program Files\Android\Android Studio\jre\jre\bin\zip.dll
0x00007ffc79330000 - 0x00007ffc79a72000 	C:\WINDOWS\System32\SHELL32.dll
0x00007ffc76200000 - 0x00007ffc76990000 	C:\WINDOWS\SYSTEM32\windows.storage.dll
0x00007ffc7a880000 - 0x00007ffc7abd5000 	C:\WINDOWS\System32\combase.dll
0x00007ffc77e80000 - 0x00007ffc77eac000 	C:\WINDOWS\SYSTEM32\Wldp.dll
0x00007ffc7a770000 - 0x00007ffc7a81e000 	C:\WINDOWS\System32\SHCORE.dll
0x00007ffc7a820000 - 0x00007ffc7a875000 	C:\WINDOWS\System32\shlwapi.dll
0x00007ffc78420000 - 0x00007ffc7843f000 	C:\WINDOWS\SYSTEM32\profapi.dll
0x00007ffc68d50000 - 0x00007ffc68d6a000 	C:\Program Files\Android\Android Studio\jre\jre\bin\net.dll
0x00007ffc77bb0000 - 0x00007ffc77c1a000 	C:\WINDOWS\system32\mswsock.dll
0x00007ffc676b0000 - 0x00007ffc676c3000 	C:\Program Files\Android\Android Studio\jre\jre\bin\nio.dll

VM Arguments:
java_command: org.jetbrains.kotlin.cli.jvm.K2JVMCompiler -Xallow-no-source-files -classpath C:\Users\ASUS\AndroidStudioProjects\Uni_project\app\build\intermediates\compile_and_runtime_not_namespaced_r_class_jar\debug\R.jar;C:\Users\ASUS\.gradle\caches\transforms-2\files-2.1\0f476375d3c44332d8c9e278000bc4c8\jetified-kotlin-android-extensions-runtime-1.3.50.jar;C:\Users\ASUS\.gradle\caches\transforms-2\files-2.1\5583f09d4292d35757a7ee886cf35de9\jetified-kotlin-stdlib-jdk7-1.3.50.jar;C:\Users\ASUS\.gradle\caches\transforms-2\files-2.1\3436196dd9b8ccfba9bd446347d3e27b\jetified-core-ktx-1.0.2-api.jar;C:\Users\ASUS\.gradle\caches\transforms-2\files-2.1\a0aaae94dc399b3957dc817ac73215c9\navigation-fragment-ktx-2.0.0-api.jar;C:\Users\ASUS\.gradle\caches\transforms-2\files-2.1\07f4fd2f734f43a6a213f1a9d5155dde\navigation-ui-ktx-2.0.0-api.jar;C:\Users\ASUS\.gradle\caches\transforms-2\files-2.1\43ce7e08fd8a78f118438fee70410fee\navigation-runtime-ktx-2.0.0-api.jar;C:\Users\ASUS\.gradle\caches\transforms-2\files-2.1\1231aecd3c418977db2afab8c50e6603\navigation-common-ktx-2.0.0-api.jar;C:\Users\ASUS\.gradle\caches\transforms-2\files-2.1\100c4c028124e6a60cd433b81b309d2f\jetified-kotlin-stdlib-1.3.50.jar;C:\Users\ASUS\.gradle\caches\transforms-2\files-2.1\215012490c92af0bc4c956feed9b1fbd\jetified-kotlin-stdlib-common-1.3.50.jar;C:\Users\ASUS\.gradle\caches\transforms-2\files-2.1\a5480ebf7527bb922c2a636892c07c80\jetified-annotations-13.0.jar;C:\Users\ASUS\.gradle\caches\transforms-2\files-2.1\1351e14606b8c628e7ae4c7da9df8d6c\navigation-ui-2.0.0-api.jar;C:\Users\ASUS\.gradle\caches\transforms-2\files-2.1\dfad02151f0a13aa8a7346055b623b29\material-1.0.0-api.jar;C:\Users\ASUS\.gradle\caches\transforms-2\files-2.1\e0e03d611b12623afc33b7fcc500e713\appcompat-1.0.2-api.jar;C:\Users\ASUS\.gradle\caches\transforms-2\files-2.1\32cf4147161c45dc5a23ca79e4cc6359\navigation-fragment-2.0.0-api.jar;C:\Users\ASUS\.gradle\caches\transforms-2\files-2.1\a69587d7c471a110969df09a4d257fa3\lifecycle-extensio
java_class_path (initial): C:\Users\ASUS\.gradle\caches\modules-2\files-2.1\org.jetbrains.kotlin\kotlin-compiler-embeddable\1.3.50\1251c1768e5769b06c2487d6f6cf8acf6efb8960\kotlin-compiler-embeddable-1.3.50.jar;C:\Users\ASUS\.gradle\caches\modules-2\files-2.1\org.jetbrains.kotlin\kotlin-reflect\1.3.50\b499f22fd7c3e9c2e5b6c4005221fa47fc7f9a7a\kotlin-reflect-1.3.50.jar;C:\Users\ASUS\.gradle\caches\modules-2\files-2.1\org.jetbrains.kotlin\kotlin-stdlib\1.3.50\b529d1738c7e98bbfa36a4134039528f2ce78ebf\kotlin-stdlib-1.3.50.jar;C:\Users\ASUS\.gradle\caches\modules-2\files-2.1\org.jetbrains.kotlin\kotlin-script-runtime\1.3.50\59492b8dfb92522ba0ddb5dd1c4d0ef0a4fca1af\kotlin-script-runtime-1.3.50.jar;C:\Users\ASUS\.gradle\caches\modules-2\files-2.1\org.jetbrains.kotlin\kotlin-daemon-embeddable\1.3.50\5cb93bb33f4c6f833ead0beca4c831668e00cf52\kotlin-daemon-embeddable-1.3.50.jar;C:\Users\ASUS\.gradle\caches\modules-2\files-2.1\org.jetbrains.intellij.deps\trove4j\1.0.20181211\216c2e14b070f334479d800987affe4054cd563f\trove4j-1.0.20181211.jar;C:\Users\ASUS\.gradle\caches\modules-2\files-2.1\org.jetbrains.kotlin\kotlin-stdlib-common\1.3.50\3d9cd3e1bc7b92e95f43d45be3bfbcf38e36ab87\kotlin-stdlib-common-1.3.50.jar;C:\Users\ASUS\.gradle\caches\modules-2\files-2.1\org.jetbrains\annotations\13.0\919f0dfe192fb4e063e7dacadee7f8bb9a2672a9\annotations-13.0.jar;C:\Program Files\Android\Android Studio\jre\lib\tools.jar
Launcher Type: SUN_STANDARD

Environment Variables:
JAVA_HOME=C:\Program Files\Java\jdk1.8.0_261
JRE_HOME=C:\Program Files\Java\jre1.8.0_261
PATH=C:\Program Files (x86)\Common Files\Oracle\Java\javapath;C:\Program Files (x86)\Intel\iCLS Client\;C:\Program Files\Intel\iCLS Client\;C:\WINDOWS\system32;C:\WINDOWS;C:\WINDOWS\System32\Wbem;C:\WINDOWS\System32\WindowsPowerShell\v1.0\;C:\Program Files (x86)\Intel\Intel(R) Management Engine Components\DAL;C:\Program Files\Intel\Intel(R) Management Engine Components\DAL;C:\Program Files (x86)\Intel\Intel(R) Management Engine Components\IPT;C:\Program Files\Intel\Intel(R) Management Engine Components\IPT;C:\Program Files\Intel\WiFi\bin\;C:\Program Files\Common Files\Intel\WirelessCommon\;C:\WINDOWS\System32\OpenSSH\;C:\Program Files\PuTTY\;C:\Go\bin;C:\Programming\MathLab\bin;C:\php;C:\ProgramData\ComposerSetup\bin;C:\HashiCorp\Vagrant\bin;C:\Git\cmd;C:\Programming\apache-maven-3.5.4-bin\apache-maven-3.5.4\bin;C:\Users\ASUS\AppData\Local\Programs\Python\Python38-32\Scripts\;C:\Users\ASUS\AppData\Local\Programs\Python\Python38-32\;C:\Users\ASUS\AppData\Local\Microsoft\WindowsApps;;C:\Users\ASUS\AppData\Local\Programs\Microsoft VS Code\bin;C:\Users\ASUS\go\bin;C:\Users\ASUS\AppData\Roaming\Composer\vendor\bin
USERNAME=ASUS
OS=Windows_NT
PROCESSOR_IDENTIFIER=Intel64 Family 6 Model 78 Stepping 3, GenuineIntel



---------------  S Y S T E M  ---------------

OS: Windows 10.0 , 64 bit Build 19041 (10.0.19041.928)

CPU:total 4 (initial active 4) (2 cores per cpu, 2 threads per core) family 6 model 78 stepping 3, cmov, cx8, fxsr, mmx, sse, sse2, sse3, ssse3, sse4.1, sse4.2, popcnt, avx, avx2, aes, clmul, erms, 3dnowpref, lzcnt, ht, tsc, tscinvbit, bmi1, bmi2, adx

Memory: 4k page, physical 4084972k(265080k free), swap 12473580k(4016k free)

vm_info: OpenJDK 64-Bit Server VM (25.242-b01) for windows-amd64 JRE (1.8.0_242-release-1644-b01), built by "builder" with MS VC++ 10.0 (VS2010)

time: Sun Jun 06 17:23:10 2021
timezone: RTZ 1 (зима)
elapsed time: 7 seconds (0d 0h 0m 7s)

